[1/10] Performing build step for 'bootloader'
[1/1] cmd.exe /C "cd /D C:\Users\vedan\sscma-example-esp32\examples\yolo_detection_demo\build\bootloader\esp-idf\esptool_py && C:\Espressif\python_env\idf5.2_py3.11_env\Scripts\python.exe C:/Espressif/frameworks/esp-idf-v5.2/components/partition_table/check_sizes.py --offset 0x8000 bootloader 0x0 C:/Users/vedan/sscma-example-esp32/examples/yolo_detection_demo/build/bootloader/bootloader.bin"
Bootloader binary size 0x5720 bytes. 0x28e0 bytes (32%) free.
[2/8] Building CXX object esp-idf/main/CMakeFiles/__idf_main.dir/app_main.cpp.obj
C:/Users/vedan/sscma-example-esp32/examples/yolo_detection_demo/main/app_main.cpp:25:1: warning: missing initializer for member 'camera_config_t::pin_d5' [-Wmissing-field-initializers]
   25 | };
      | ^
C:/Users/vedan/sscma-example-esp32/examples/yolo_detection_demo/main/app_main.cpp:25:1: warning: missing initializer for member 'camera_config_t::pin_d4' [-Wmissing-field-initializers]
C:/Users/vedan/sscma-example-esp32/examples/yolo_detection_demo/main/app_main.cpp:25:1: warning: missing initializer for member 'camera_config_t::pin_d3' [-Wmissing-field-initializers]
C:/Users/vedan/sscma-example-esp32/examples/yolo_detection_demo/main/app_main.cpp:25:1: warning: missing initializer for member 'camera_config_t::pin_d2' [-Wmissing-field-initializers]
C:/Users/vedan/sscma-example-esp32/examples/yolo_detection_demo/main/app_main.cpp:25:1: warning: missing initializer for member 'camera_config_t::pin_d1' [-Wmissing-field-initializers]
C:/Users/vedan/sscma-example-esp32/examples/yolo_detection_demo/main/app_main.cpp:25:1: warning: missing initializer for member 'camera_config_t::pin_d0' [-Wmissing-field-initializers]
C:/Users/vedan/sscma-example-esp32/examples/yolo_detection_demo/main/app_main.cpp:25:1: warning: missing initializer for member 'camera_config_t::pin_vsync' [-Wmissing-field-initializers]
C:/Users/vedan/sscma-example-esp32/examples/yolo_detection_demo/main/app_main.cpp:25:1: warning: missing initializer for member 'camera_config_t::pin_href' [-Wmissing-field-initializers]
C:/Users/vedan/sscma-example-esp32/examples/yolo_detection_demo/main/app_main.cpp:25:1: warning: missing initializer for member 'camera_config_t::pin_pclk' [-Wmissing-field-initializers]
C:/Users/vedan/sscma-example-esp32/examples/yolo_detection_demo/main/app_main.cpp:25:1: warning: missing initializer for member 'camera_config_t::jpeg_quality' [-Wmissing-field-initializers]
C:/Users/vedan/sscma-example-esp32/examples/yolo_detection_demo/main/app_main.cpp:25:1: warning: missing initializer for member 'camera_config_t::fb_count' [-Wmissing-field-initializers]
C:/Users/vedan/sscma-example-esp32/examples/yolo_detection_demo/main/app_main.cpp:25:1: warning: missing initializer for member 'camera_config_t::fb_location' [-Wmissing-field-initializers]
C:/Users/vedan/sscma-example-esp32/examples/yolo_detection_demo/main/app_main.cpp:25:1: warning: missing initializer for member 'camera_config_t::grab_mode' [-Wmissing-field-initializers]
C:/Users/vedan/sscma-example-esp32/examples/yolo_detection_demo/main/app_main.cpp:25:1: warning: missing initializer for member 'camera_config_t::sccb_i2c_port' [-Wmissing-field-initializers]
[3/8] Linking C static library esp-idf\main\libmain.a
[4/8] Generating ld/sections.ld
[5/8] Linking CXX executable yolo_detection_demo.elf
FAILED: yolo_detection_demo.elf 
cmd.exe /C "cd . && C:\Espressif\tools\xtensa-esp-elf\esp-13.2.0_20230928\xtensa-esp-elf\bin\xtensa-esp32s3-elf-g++.exe -mlongcalls -Wl,--cref -Wl,--defsym=IDF_TARGET_ESP32S3=0 -Wl,--Map=C:/Users/vedan/sscma-example-esp32/examples/yolo_detection_demo/build/yolo_detection_demo.map -Wl,--no-warn-rwx-segments -fno-rtti -fno-lto -Wl,--gc-sections -Wl,--warn-common -T esp32s3.peripherals.ld -T esp32s3.rom.ld -T esp32s3.rom.api.ld -T esp32s3.rom.libgcc.ld -T esp32s3.rom.newlib.ld -T esp32s3.rom.version.ld -T memory.ld -T sections.ld @CMakeFiles\yolo_detection_demo.elf.rsp -o yolo_detection_demo.elf  && cd ."
C:/Espressif/tools/xtensa-esp-elf/esp-13.2.0_20230928/xtensa-esp-elf/bin/../lib/gcc/xtensa-esp-elf/13.2.0/../../../../xtensa-esp-elf/bin/ld.exe: esp-idf/freertos/libfreertos.a(app_startup.c.obj):(.literal.main_task+0x28): undefined reference to `app_main'
C:/Espressif/tools/xtensa-esp-elf/esp-13.2.0_20230928/xtensa-esp-elf/bin/../lib/gcc/xtensa-esp-elf/13.2.0/../../../../xtensa-esp-elf/bin/ld.exe: esp-idf/freertos/libfreertos.a(app_startup.c.obj): in function `main_task':
C:/Espressif/frameworks/esp-idf-v5.2/components/freertos/app_startup.c:206:(.text.main_task+0xd8): undefined reference to `app_main'
collect2.exe: error: ld returned 1 exit status
ninja: build stopped: subcommand failed.
